<?xml version="1.0" encoding="UTF-8"?>
<!-- Generated by org.testng.reporters.JUnitReportReporter -->
<testsuite hostname="DESKTOP-REKBUQJ" failures="0" tests="1" name="testPack.TestNGClass" time="0.021" errors="0" timestamp="2023-02-07T16:03:19 IST" skipped="0">
  <testcase classname="testPack.TestNGClass" name="test123" time="0.021"/>
  <system-out/>
</testsuite> <!-- testPack.TestNGClass -->
