<?xml version="1.0" encoding="UTF-8"?>
<!-- Generated by org.testng.reporters.JUnitReportReporter -->
<testsuite hostname="DESKTOP-REKBUQJ" failures="0" tests="1" name="TestPackage.TestNGClass" time="0.060" errors="0" timestamp="2023-02-08T12:15:47 IST" skipped="0">
  <testcase classname="TestPackage.TestNGClass" name="test123" time="0.060"/>
  <system-out/>
</testsuite> <!-- TestPackage.TestNGClass -->
