<?xml version="1.0" encoding="UTF-8"?>
<!-- Generated by org.testng.reporters.JUnitReportReporter -->
<testsuite hostname="DESKTOP-REKBUQJ" failures="0" tests="5" name="TestNG_Package.TestNGClass" time="0.000" errors="0" timestamp="2023-02-14T13:03:35 IST" skipped="5">
  <testcase classname="TestNG_Package.TestNGClass" name="testC" time="0.000">
    <skipped/>
  </testcase> <!-- testC -->
  <system-out/>
  <testcase classname="TestNG_Package.TestNGClass" name="testA" time="0.000">
    <skipped/>
  </testcase> <!-- testA -->
  <system-out/>
  <testcase classname="TestNG_Package.TestNGClass" name="testA" time="0.000">
    <skipped/>
  </testcase> <!-- testA -->
  <system-out/>
  <testcase classname="TestNG_Package.TestNGClass" name="testD" time="0.000">
    <skipped/>
  </testcase> <!-- testD -->
  <system-out/>
  <testcase classname="TestNG_Package.TestNGClass" name="testB" time="0.000">
    <skipped/>
  </testcase> <!-- testB -->
  <system-out/>
</testsuite> <!-- TestNG_Package.TestNGClass -->
