<?xml version="1.0" encoding="UTF-8"?>
<!-- Generated by org.testng.reporters.JUnitReportReporter -->
<testsuite hostname="DESKTOP-REKBUQJ" failures="0" tests="3" name="TestNG_Package.TestNG_SignUpPage" time="54.957" errors="0" timestamp="2023-02-23T11:58:12 IST" skipped="0">
  <testcase classname="TestNG_Package.TestNG_SignUpPage" name="verifyTermsLink" time="20.159"/>
  <system-out/>
  <testcase classname="TestNG_Package.TestNG_SignUpPage" name="verifyPrivacyPolicyLink" time="17.585"/>
  <system-out/>
  <testcase classname="TestNG_Package.TestNG_SignUpPage" name="verifyCookiesPolicyLink" time="17.213"/>
  <system-out/>
</testsuite> <!-- TestNG_Package.TestNG_SignUpPage -->
